15:57:28:854  INFO 30772 --- [main] com.alibaba.nacos.common.remote.client   : [RpcClientFactory] create a new rpc client of 56216fa4-6d35-4845-93e6-33a90c12ceea_config-0
15:57:28:968  INFO 30772 --- [main] org.reflections.Reflections              : Reflections took 50 ms to scan 1 urls, producing 3 keys and 6 values 
15:57:29:009  INFO 30772 --- [main] org.reflections.Reflections              : Reflections took 14 ms to scan 1 urls, producing 4 keys and 9 values 
15:57:29:025  INFO 30772 --- [main] org.reflections.Reflections              : Reflections took 15 ms to scan 1 urls, producing 3 keys and 10 values 
15:57:29:028  WARN 30772 --- [main] org.reflections.Reflections              : given scan urls are empty. set urls in the configuration
15:57:29:039  INFO 30772 --- [main] org.reflections.Reflections              : Reflections took 10 ms to scan 1 urls, producing 1 keys and 5 values 
15:57:29:050  INFO 30772 --- [main] org.reflections.Reflections              : Reflections took 9 ms to scan 1 urls, producing 1 keys and 7 values 
15:57:29:062  INFO 30772 --- [main] org.reflections.Reflections              : Reflections took 9 ms to scan 1 urls, producing 2 keys and 8 values 
15:57:29:065  WARN 30772 --- [main] org.reflections.Reflections              : given scan urls are empty. set urls in the configuration
15:57:29:066  INFO 30772 --- [main] com.alibaba.nacos.common.remote.client   : [56216fa4-6d35-4845-93e6-33a90c12ceea_config-0] RpcClient init label, labels = {module=config, Vipserver-Tag=null, source=sdk, Amory-Tag=null, Location-Tag=null, taskId=0, AppName=unknown}
15:57:29:067  INFO 30772 --- [main] com.alibaba.nacos.common.remote.client   : [56216fa4-6d35-4845-93e6-33a90c12ceea_config-0] Register server push request handler:com.alibaba.nacos.client.config.impl.ClientWorker$ConfigRpcTransportClient$$Lambda/0x00000285be3beb60
15:57:29:068  INFO 30772 --- [main] com.alibaba.nacos.common.remote.client   : [56216fa4-6d35-4845-93e6-33a90c12ceea_config-0] Register server push request handler:com.alibaba.nacos.client.config.impl.ClientWorker$ConfigRpcTransportClient$$Lambda/0x00000285be3bed80
15:57:29:069  INFO 30772 --- [main] com.alibaba.nacos.common.remote.client   : [56216fa4-6d35-4845-93e6-33a90c12ceea_config-0] Registry connection listener to current client:com.alibaba.nacos.client.config.impl.ClientWorker$ConfigRpcTransportClient$1
15:57:29:069  INFO 30772 --- [main] com.alibaba.nacos.common.remote.client   : [56216fa4-6d35-4845-93e6-33a90c12ceea_config-0] RpcClient init, ServerListFactory = com.alibaba.nacos.client.config.impl.ClientWorker$ConfigRpcTransportClient$2
15:57:29:080  INFO 30772 --- [main] com.alibaba.nacos.common.remote.client   : [56216fa4-6d35-4845-93e6-33a90c12ceea_config-0] Try to connect to server on start up, server: {serverIp = '192.168.43.198', server main port = 8848}
15:57:30:474  INFO 30772 --- [main] com.alibaba.nacos.common.remote.client   : [56216fa4-6d35-4845-93e6-33a90c12ceea_config-0] Success to connect to server [192.168.43.198:8848] on start up, connectionId = 1766476604679_192.168.43.108_56900
15:57:30:474  INFO 30772 --- [com.alibaba.nacos.client.remote.worker] com.alibaba.nacos.common.remote.client   : [56216fa4-6d35-4845-93e6-33a90c12ceea_config-0] Notify connected event to listeners.
15:57:30:476  INFO 30772 --- [main] com.alibaba.nacos.common.remote.client   : [56216fa4-6d35-4845-93e6-33a90c12ceea_config-0] Register server push request handler:com.alibaba.nacos.common.remote.client.RpcClient$ConnectResetRequestHandler
15:57:30:476  INFO 30772 --- [main] com.alibaba.nacos.common.remote.client   : [56216fa4-6d35-4845-93e6-33a90c12ceea_config-0] Register server push request handler:com.alibaba.nacos.common.remote.client.RpcClient$$Lambda/0x00000285be4ff940
15:57:30:714  WARN 30772 --- [main] c.a.c.n.c.NacosPropertySourceBuilder     : Ignore the empty nacos configuration and get it based on dataId[shared-log.yaml] & group[DEFAULT_GROUP]
15:57:30:744  WARN 30772 --- [main] c.a.c.n.c.NacosPropertySourceBuilder     : Ignore the empty nacos configuration and get it based on dataId[hm-gateway] & group[DEFAULT_GROUP]
15:57:30:756  WARN 30772 --- [main] c.a.c.n.c.NacosPropertySourceBuilder     : Ignore the empty nacos configuration and get it based on dataId[hm-gateway.yaml] & group[DEFAULT_GROUP]
15:57:30:771  WARN 30772 --- [main] c.a.c.n.c.NacosPropertySourceBuilder     : Ignore the empty nacos configuration and get it based on dataId[hm-gateway-local.yaml] & group[DEFAULT_GROUP]
15:57:30:773  INFO 30772 --- [main] b.c.PropertySourceBootstrapConfiguration : Located property source: [BootstrapPropertySource {name='bootstrapProperties-hm-gateway-local.yaml,DEFAULT_GROUP'}, BootstrapPropertySource {name='bootstrapProperties-hm-gateway.yaml,DEFAULT_GROUP'}, BootstrapPropertySource {name='bootstrapProperties-hm-gateway,DEFAULT_GROUP'}, BootstrapPropertySource {name='bootstrapProperties-shared-log.yaml,DEFAULT_GROUP'}]
15:57:30:795  INFO 30772 --- [main] com.hmall.gateway.GatewayApplication     : The following 1 profile is active: "local"
15:57:31:918  INFO 30772 --- [main] o.s.cloud.context.scope.GenericScope     : BeanFactory id=7955503d-44e6-312d-8d01-efcd20447e8c
15:57:32:002  INFO 30772 --- [main] trationDelegate$BeanPostProcessorChecker : Bean 'org.springframework.cloud.client.loadbalancer.reactive.LoadBalancerBeanPostProcessorAutoConfiguration' of type [org.springframework.cloud.client.loadbalancer.reactive.LoadBalancerBeanPostProcessorAutoConfiguration] is not eligible for getting processed by all BeanPostProcessors (for example: not eligible for auto-proxying)
15:57:32:004  INFO 30772 --- [main] trationDelegate$BeanPostProcessorChecker : Bean 'org.springframework.cloud.client.loadbalancer.reactive.LoadBalancerBeanPostProcessorAutoConfiguration$ReactorDeferringLoadBalancerFilterConfig' of type [org.springframework.cloud.client.loadbalancer.reactive.LoadBalancerBeanPostProcessorAutoConfiguration$ReactorDeferringLoadBalancerFilterConfig] is not eligible for getting processed by all BeanPostProcessors (for example: not eligible for auto-proxying)
15:57:32:006  INFO 30772 --- [main] trationDelegate$BeanPostProcessorChecker : Bean 'reactorDeferringLoadBalancerExchangeFilterFunction' of type [org.springframework.cloud.client.loadbalancer.reactive.DeferringLoadBalancerExchangeFilterFunction] is not eligible for getting processed by all BeanPostProcessors (for example: not eligible for auto-proxying)
15:57:32:962  INFO 30772 --- [main] c.h.gateway.routers.DynamicRouteLoader   : 更新路由配置:[
    {
        "id": "item",
        "predicates": [{
            "name": "Path",
            "args": {"_genkey_0":"/items/**", "_genkey_1":"/search/**"}
        }],
        "filters": [],
        "uri": "lb://item-service"
    },
    {
        "id": "cart",
        "predicates": [{
            "name": "Path",
            "args": {"_genkey_0":"/carts/**"}
        }],
        "filters": [],
        "uri": "lb://cart-service"
    },
    {
        "id": "user",
        "predicates": [{
            "name": "Path",
            "args": {"_genkey_0":"/users/**", "_genkey_1":"/addresses/**"}
        }],
        "filters": [],
        "uri": "lb://user-service"
    },
    {
        "id": "trade",
        "predicates": [{
            "name": "Path",
            "args": {"_genkey_0":"/orders/**"}
        }],
        "filters": [],
        "uri": "lb://trade-service"
    },
    {
        "id": "pay",
        "predicates": [{
            "name": "Path",
            "args": {"_genkey_0":"/pay-orders/**"}
        }],
        "filters": [],
        "uri": "lb://pay-service"
    }
]
15:57:34:327  INFO 30772 --- [main] o.s.cloud.commons.util.InetUtils         : Cannot determine local hostname
15:57:35:347  INFO 30772 --- [main] o.s.cloud.commons.util.InetUtils         : Cannot determine local hostname
15:57:35:713  INFO 30772 --- [main] o.s.c.g.r.RouteDefinitionRouteLocator    : Loaded RoutePredicateFactory [After]
15:57:35:713  INFO 30772 --- [main] o.s.c.g.r.RouteDefinitionRouteLocator    : Loaded RoutePredicateFactory [Before]
15:57:35:713  INFO 30772 --- [main] o.s.c.g.r.RouteDefinitionRouteLocator    : Loaded RoutePredicateFactory [Between]
15:57:35:714  INFO 30772 --- [main] o.s.c.g.r.RouteDefinitionRouteLocator    : Loaded RoutePredicateFactory [Cookie]
15:57:35:714  INFO 30772 --- [main] o.s.c.g.r.RouteDefinitionRouteLocator    : Loaded RoutePredicateFactory [Header]
15:57:35:714  INFO 30772 --- [main] o.s.c.g.r.RouteDefinitionRouteLocator    : Loaded RoutePredicateFactory [Host]
15:57:35:714  INFO 30772 --- [main] o.s.c.g.r.RouteDefinitionRouteLocator    : Loaded RoutePredicateFactory [Method]
15:57:35:714  INFO 30772 --- [main] o.s.c.g.r.RouteDefinitionRouteLocator    : Loaded RoutePredicateFactory [Path]
15:57:35:714  INFO 30772 --- [main] o.s.c.g.r.RouteDefinitionRouteLocator    : Loaded RoutePredicateFactory [Query]
15:57:35:714  INFO 30772 --- [main] o.s.c.g.r.RouteDefinitionRouteLocator    : Loaded RoutePredicateFactory [ReadBody]
15:57:35:715  INFO 30772 --- [main] o.s.c.g.r.RouteDefinitionRouteLocator    : Loaded RoutePredicateFactory [RemoteAddr]
15:57:35:715  INFO 30772 --- [main] o.s.c.g.r.RouteDefinitionRouteLocator    : Loaded RoutePredicateFactory [XForwardedRemoteAddr]
15:57:35:715  INFO 30772 --- [main] o.s.c.g.r.RouteDefinitionRouteLocator    : Loaded RoutePredicateFactory [Weight]
15:57:35:715  INFO 30772 --- [main] o.s.c.g.r.RouteDefinitionRouteLocator    : Loaded RoutePredicateFactory [CloudFoundryRouteService]
15:57:36:880  INFO 30772 --- [main] o.s.cloud.commons.util.InetUtils         : Cannot determine local hostname
15:57:37:422  INFO 30772 --- [main] com.alibaba.nacos.common.remote.client   : [RpcClientFactory] create a new rpc client of 6ebd4e3f-6c37-438d-ac45-dc576843318a
15:57:37:422  INFO 30772 --- [main] com.alibaba.nacos.common.remote.client   : [6ebd4e3f-6c37-438d-ac45-dc576843318a] RpcClient init label, labels = {module=naming, source=sdk}
15:57:37:425  INFO 30772 --- [main] com.alibaba.nacos.common.remote.client   : [6ebd4e3f-6c37-438d-ac45-dc576843318a] RpcClient init, ServerListFactory = com.alibaba.nacos.client.naming.core.ServerListManager
15:57:37:425  INFO 30772 --- [main] com.alibaba.nacos.common.remote.client   : [6ebd4e3f-6c37-438d-ac45-dc576843318a] Registry connection listener to current client:com.alibaba.nacos.client.naming.remote.gprc.redo.NamingGrpcRedoService
15:57:37:425  INFO 30772 --- [main] com.alibaba.nacos.common.remote.client   : [6ebd4e3f-6c37-438d-ac45-dc576843318a] Register server push request handler:com.alibaba.nacos.client.naming.remote.gprc.NamingPushRequestHandler
15:57:37:426  INFO 30772 --- [main] com.alibaba.nacos.common.remote.client   : [6ebd4e3f-6c37-438d-ac45-dc576843318a] Try to connect to server on start up, server: {serverIp = '192.168.43.198', server main port = 8848}
15:57:37:565  INFO 30772 --- [main] com.alibaba.nacos.common.remote.client   : [6ebd4e3f-6c37-438d-ac45-dc576843318a] Success to connect to server [192.168.43.198:8848] on start up, connectionId = 1766476612140_192.168.43.108_63700
15:57:37:565  INFO 30772 --- [main] com.alibaba.nacos.common.remote.client   : [6ebd4e3f-6c37-438d-ac45-dc576843318a] Register server push request handler:com.alibaba.nacos.common.remote.client.RpcClient$ConnectResetRequestHandler
15:57:37:565  INFO 30772 --- [com.alibaba.nacos.client.remote.worker] com.alibaba.nacos.common.remote.client   : [6ebd4e3f-6c37-438d-ac45-dc576843318a] Notify connected event to listeners.
15:57:37:565  INFO 30772 --- [main] com.alibaba.nacos.common.remote.client   : [6ebd4e3f-6c37-438d-ac45-dc576843318a] Register server push request handler:com.alibaba.nacos.common.remote.client.RpcClient$$Lambda/0x00000285be4ff940
15:57:37:897  INFO 30772 --- [main] o.s.b.web.embedded.netty.NettyWebServer  : Netty started on port 8080
15:57:38:232  INFO 30772 --- [nacos-grpc-client-executor-5] com.alibaba.nacos.common.remote.client   : [6ebd4e3f-6c37-438d-ac45-dc576843318a] Receive server push request, request = NotifySubscriberRequest, requestId = 1
15:57:38:234  INFO 30772 --- [nacos-grpc-client-executor-5] com.alibaba.nacos.common.remote.client   : [6ebd4e3f-6c37-438d-ac45-dc576843318a] Ack server push request, request = NotifySubscriberRequest, requestId = 1
15:57:38:906  INFO 30772 --- [main] o.s.cloud.commons.util.InetUtils         : Cannot determine local hostname
15:57:39:913  INFO 30772 --- [main] o.s.cloud.commons.util.InetUtils         : Cannot determine local hostname
15:57:39:944  INFO 30772 --- [main] c.a.c.n.registry.NacosServiceRegistry    : nacos registry, DEFAULT_GROUP hm-gateway 192.168.16.1:8080 register finished
15:57:39:965  INFO 30772 --- [main] com.hmall.gateway.GatewayApplication     : Started GatewayApplication in 14.337 seconds (JVM running for 16.127)
15:57:39:970  INFO 30772 --- [main] c.a.c.n.refresh.NacosContextRefresher    : [Nacos Config] Listening config: dataId=hm-gateway-local.yaml, group=DEFAULT_GROUP
15:57:39:971  INFO 30772 --- [main] c.a.c.n.refresh.NacosContextRefresher    : [Nacos Config] Listening config: dataId=hm-gateway, group=DEFAULT_GROUP
15:57:39:971  INFO 30772 --- [main] c.a.c.n.refresh.NacosContextRefresher    : [Nacos Config] Listening config: dataId=hm-gateway.yaml, group=DEFAULT_GROUP
15:57:40:478  INFO 30772 --- [nacos-grpc-client-executor-8] com.alibaba.nacos.common.remote.client   : [6ebd4e3f-6c37-438d-ac45-dc576843318a] Receive server push request, request = NotifySubscriberRequest, requestId = 2
15:57:40:494  INFO 30772 --- [nacos-grpc-client-executor-8] com.alibaba.nacos.common.remote.client   : [6ebd4e3f-6c37-438d-ac45-dc576843318a] Ack server push request, request = NotifySubscriberRequest, requestId = 2
16:01:31:344  WARN 30772 --- [Thread-5] c.a.nacos.common.notify.NotifyCenter     : [NotifyCenter] Start destroying Publisher
16:01:31:344  WARN 30772 --- [Thread-1] c.a.n.common.http.HttpClientBeanHolder   : [HttpClientBeanHolder] Start destroying common HttpClient
16:01:31:355  WARN 30772 --- [Thread-5] c.a.nacos.common.notify.NotifyCenter     : [NotifyCenter] Destruction of the end
16:01:31:363  WARN 30772 --- [Thread-1] c.a.n.common.http.HttpClientBeanHolder   : [HttpClientBeanHolder] Destruction of the end
16:01:31:532  INFO 30772 --- [SpringApplicationShutdownHook] c.a.c.n.registry.NacosServiceRegistry    : De-registering from Nacos Server now...
16:01:31:546  INFO 30772 --- [SpringApplicationShutdownHook] c.a.c.n.registry.NacosServiceRegistry    : De-registration finished.
16:01:31:853  INFO 30772 --- [SpringApplicationShutdownHook] com.alibaba.nacos.common.remote.client   : Shutdown rpc client, set status to shutdown
16:01:31:853  INFO 30772 --- [SpringApplicationShutdownHook] com.alibaba.nacos.common.remote.client   : Shutdown client event executor java.util.concurrent.ScheduledThreadPoolExecutor@4db568e1[Running, pool size = 2, active threads = 2, queued tasks = 0, completed tasks = 0]
16:01:31:853  INFO 30772 --- [SpringApplicationShutdownHook] com.alibaba.nacos.common.remote.client   : Close current connection 1766476612140_192.168.43.108_63700
16:01:31:859  INFO 30772 --- [nacos-grpc-client-executor-56] c.a.n.c.remote.client.grpc.GrpcClient    : [1766476612140_192.168.43.108_63700]Ignore complete event,isRunning:false,isAbandon=false
16:01:31:864  INFO 30772 --- [SpringApplicationShutdownHook] c.a.n.c.remote.client.grpc.GrpcClient    : Shutdown grpc executor java.util.concurrent.ThreadPoolExecutor@7cbe3a05[Running, pool size = 5, active threads = 0, queued tasks = 0, completed tasks = 57]
16:01:43:574  INFO 68792 --- [main] com.alibaba.nacos.common.remote.client   : [RpcClientFactory] create a new rpc client of 749e34b1-4033-4ab9-8a36-0e380efbf282_config-0
16:01:43:665  INFO 68792 --- [main] org.reflections.Reflections              : Reflections took 36 ms to scan 1 urls, producing 3 keys and 6 values 
16:01:43:705  INFO 68792 --- [main] org.reflections.Reflections              : Reflections took 12 ms to scan 1 urls, producing 4 keys and 9 values 
16:01:43:717  INFO 68792 --- [main] org.reflections.Reflections              : Reflections took 8 ms to scan 1 urls, producing 3 keys and 10 values 
16:01:43:722  WARN 68792 --- [main] org.reflections.Reflections              : given scan urls are empty. set urls in the configuration
16:01:43:731  INFO 68792 --- [main] org.reflections.Reflections              : Reflections took 8 ms to scan 1 urls, producing 1 keys and 5 values 
16:01:43:745  INFO 68792 --- [main] org.reflections.Reflections              : Reflections took 12 ms to scan 1 urls, producing 1 keys and 7 values 
16:01:43:756  INFO 68792 --- [main] org.reflections.Reflections              : Reflections took 9 ms to scan 1 urls, producing 2 keys and 8 values 
16:01:43:759  WARN 68792 --- [main] org.reflections.Reflections              : given scan urls are empty. set urls in the configuration
16:01:43:761  INFO 68792 --- [main] com.alibaba.nacos.common.remote.client   : [749e34b1-4033-4ab9-8a36-0e380efbf282_config-0] RpcClient init label, labels = {module=config, Vipserver-Tag=null, source=sdk, Amory-Tag=null, Location-Tag=null, taskId=0, AppName=unknown}
16:01:43:761  INFO 68792 --- [main] com.alibaba.nacos.common.remote.client   : [749e34b1-4033-4ab9-8a36-0e380efbf282_config-0] Register server push request handler:com.alibaba.nacos.client.config.impl.ClientWorker$ConfigRpcTransportClient$$Lambda/0x000001cdb33bf8e0
16:01:43:761  INFO 68792 --- [main] com.alibaba.nacos.common.remote.client   : [749e34b1-4033-4ab9-8a36-0e380efbf282_config-0] Register server push request handler:com.alibaba.nacos.client.config.impl.ClientWorker$ConfigRpcTransportClient$$Lambda/0x000001cdb33bfb00
16:01:43:762  INFO 68792 --- [main] com.alibaba.nacos.common.remote.client   : [749e34b1-4033-4ab9-8a36-0e380efbf282_config-0] Registry connection listener to current client:com.alibaba.nacos.client.config.impl.ClientWorker$ConfigRpcTransportClient$1
16:01:43:764  INFO 68792 --- [main] com.alibaba.nacos.common.remote.client   : [749e34b1-4033-4ab9-8a36-0e380efbf282_config-0] RpcClient init, ServerListFactory = com.alibaba.nacos.client.config.impl.ClientWorker$ConfigRpcTransportClient$2
16:01:43:777  INFO 68792 --- [main] com.alibaba.nacos.common.remote.client   : [749e34b1-4033-4ab9-8a36-0e380efbf282_config-0] Try to connect to server on start up, server: {serverIp = '192.168.43.198', server main port = 8848}
16:01:45:027  INFO 68792 --- [main] com.alibaba.nacos.common.remote.client   : [749e34b1-4033-4ab9-8a36-0e380efbf282_config-0] Success to connect to server [192.168.43.198:8848] on start up, connectionId = 1766476859445_192.168.43.108_56809
16:01:45:028  INFO 68792 --- [com.alibaba.nacos.client.remote.worker] com.alibaba.nacos.common.remote.client   : [749e34b1-4033-4ab9-8a36-0e380efbf282_config-0] Notify connected event to listeners.
16:01:45:028  INFO 68792 --- [main] com.alibaba.nacos.common.remote.client   : [749e34b1-4033-4ab9-8a36-0e380efbf282_config-0] Register server push request handler:com.alibaba.nacos.common.remote.client.RpcClient$ConnectResetRequestHandler
16:01:45:028  INFO 68792 --- [main] com.alibaba.nacos.common.remote.client   : [749e34b1-4033-4ab9-8a36-0e380efbf282_config-0] Register server push request handler:com.alibaba.nacos.common.remote.client.RpcClient$$Lambda/0x000001cdb3504440
16:01:45:118  WARN 68792 --- [main] c.a.c.n.c.NacosPropertySourceBuilder     : Ignore the empty nacos configuration and get it based on dataId[shared-log.yaml] & group[DEFAULT_GROUP]
16:01:45:131  WARN 68792 --- [main] c.a.c.n.c.NacosPropertySourceBuilder     : Ignore the empty nacos configuration and get it based on dataId[hm-gateway] & group[DEFAULT_GROUP]
16:01:45:151  WARN 68792 --- [main] c.a.c.n.c.NacosPropertySourceBuilder     : Ignore the empty nacos configuration and get it based on dataId[hm-gateway.yaml] & group[DEFAULT_GROUP]
16:01:45:160  WARN 68792 --- [main] c.a.c.n.c.NacosPropertySourceBuilder     : Ignore the empty nacos configuration and get it based on dataId[hm-gateway-local.yaml] & group[DEFAULT_GROUP]
16:01:45:161  INFO 68792 --- [main] b.c.PropertySourceBootstrapConfiguration : Located property source: [BootstrapPropertySource {name='bootstrapProperties-hm-gateway-local.yaml,DEFAULT_GROUP'}, BootstrapPropertySource {name='bootstrapProperties-hm-gateway.yaml,DEFAULT_GROUP'}, BootstrapPropertySource {name='bootstrapProperties-hm-gateway,DEFAULT_GROUP'}, BootstrapPropertySource {name='bootstrapProperties-shared-log.yaml,DEFAULT_GROUP'}]
16:01:45:178  INFO 68792 --- [main] com.hmall.gateway.GatewayApplication     : The following 1 profile is active: "local"
16:01:46:003  INFO 68792 --- [main] o.s.cloud.context.scope.GenericScope     : BeanFactory id=7955503d-44e6-312d-8d01-efcd20447e8c
16:01:46:080  INFO 68792 --- [main] trationDelegate$BeanPostProcessorChecker : Bean 'org.springframework.cloud.client.loadbalancer.reactive.LoadBalancerBeanPostProcessorAutoConfiguration' of type [org.springframework.cloud.client.loadbalancer.reactive.LoadBalancerBeanPostProcessorAutoConfiguration] is not eligible for getting processed by all BeanPostProcessors (for example: not eligible for auto-proxying)
16:01:46:082  INFO 68792 --- [main] trationDelegate$BeanPostProcessorChecker : Bean 'org.springframework.cloud.client.loadbalancer.reactive.LoadBalancerBeanPostProcessorAutoConfiguration$ReactorDeferringLoadBalancerFilterConfig' of type [org.springframework.cloud.client.loadbalancer.reactive.LoadBalancerBeanPostProcessorAutoConfiguration$ReactorDeferringLoadBalancerFilterConfig] is not eligible for getting processed by all BeanPostProcessors (for example: not eligible for auto-proxying)
16:01:46:084  INFO 68792 --- [main] trationDelegate$BeanPostProcessorChecker : Bean 'reactorDeferringLoadBalancerExchangeFilterFunction' of type [org.springframework.cloud.client.loadbalancer.reactive.DeferringLoadBalancerExchangeFilterFunction] is not eligible for getting processed by all BeanPostProcessors (for example: not eligible for auto-proxying)
16:01:47:113  INFO 68792 --- [main] c.h.gateway.routers.DynamicRouteLoader   : 更新路由配置:[
    {
        "id": "item",
        "predicates": [{
            "name": "Path",
            "args": {"_genkey_0":"/items/**", "_genkey_1":"/search/**"}
        }],
        "filters": [],
        "uri": "lb://item-service"
    },
    {
        "id": "cart",
        "predicates": [{
            "name": "Path",
            "args": {"_genkey_0":"/carts/**"}
        }],
        "filters": [],
        "uri": "lb://cart-service"
    },
    {
        "id": "user",
        "predicates": [{
            "name": "Path",
            "args": {"_genkey_0":"/users/**", "_genkey_1":"/addresses/**"}
        }],
        "filters": [],
        "uri": "lb://user-service"
    },
    {
        "id": "trade",
        "predicates": [{
            "name": "Path",
            "args": {"_genkey_0":"/orders/**"}
        }],
        "filters": [],
        "uri": "lb://trade-service"
    },
    {
        "id": "pay",
        "predicates": [{
            "name": "Path",
            "args": {"_genkey_0":"/pay-orders/**"}
        }],
        "filters": [],
        "uri": "lb://pay-service"
    }
]
16:01:47:826  INFO 20248 --- [main] com.alibaba.nacos.common.remote.client   : [RpcClientFactory] create a new rpc client of 53ee07b5-120c-4ac2-8dd9-f9d22fe957ea_config-0
16:01:47:908  INFO 20248 --- [main] org.reflections.Reflections              : Reflections took 43 ms to scan 1 urls, producing 3 keys and 6 values 
16:01:47:939  INFO 20248 --- [main] org.reflections.Reflections              : Reflections took 12 ms to scan 1 urls, producing 4 keys and 9 values 
16:01:47:949  INFO 20248 --- [main] org.reflections.Reflections              : Reflections took 8 ms to scan 1 urls, producing 3 keys and 10 values 
16:01:47:951  WARN 20248 --- [main] org.reflections.Reflections              : given scan urls are empty. set urls in the configuration
16:01:47:961  INFO 20248 --- [main] org.reflections.Reflections              : Reflections took 9 ms to scan 1 urls, producing 1 keys and 5 values 
16:01:47:972  INFO 20248 --- [main] org.reflections.Reflections              : Reflections took 8 ms to scan 1 urls, producing 1 keys and 7 values 
16:01:47:990  INFO 20248 --- [main] org.reflections.Reflections              : Reflections took 15 ms to scan 1 urls, producing 2 keys and 8 values 
16:01:47:995  WARN 20248 --- [main] org.reflections.Reflections              : given scan urls are empty. set urls in the configuration
16:01:47:997  INFO 20248 --- [main] com.alibaba.nacos.common.remote.client   : [53ee07b5-120c-4ac2-8dd9-f9d22fe957ea_config-0] RpcClient init label, labels = {module=config, Vipserver-Tag=null, source=sdk, Amory-Tag=null, Location-Tag=null, taskId=0, AppName=unknown}
16:01:47:998  INFO 20248 --- [main] com.alibaba.nacos.common.remote.client   : [53ee07b5-120c-4ac2-8dd9-f9d22fe957ea_config-0] Register server push request handler:com.alibaba.nacos.client.config.impl.ClientWorker$ConfigRpcTransportClient$$Lambda/0x000001c3b03beff8
16:01:47:998  INFO 20248 --- [main] com.alibaba.nacos.common.remote.client   : [53ee07b5-120c-4ac2-8dd9-f9d22fe957ea_config-0] Register server push request handler:com.alibaba.nacos.client.config.impl.ClientWorker$ConfigRpcTransportClient$$Lambda/0x000001c3b03bf218
16:01:47:999  INFO 20248 --- [main] com.alibaba.nacos.common.remote.client   : [53ee07b5-120c-4ac2-8dd9-f9d22fe957ea_config-0] Registry connection listener to current client:com.alibaba.nacos.client.config.impl.ClientWorker$ConfigRpcTransportClient$1
16:01:48:000  INFO 20248 --- [main] com.alibaba.nacos.common.remote.client   : [53ee07b5-120c-4ac2-8dd9-f9d22fe957ea_config-0] RpcClient init, ServerListFactory = com.alibaba.nacos.client.config.impl.ClientWorker$ConfigRpcTransportClient$2
16:01:48:012  INFO 20248 --- [main] com.alibaba.nacos.common.remote.client   : [53ee07b5-120c-4ac2-8dd9-f9d22fe957ea_config-0] Try to connect to server on start up, server: {serverIp = '192.168.43.198', server main port = 8848}
16:01:48:486  INFO 68792 --- [main] o.s.cloud.commons.util.InetUtils         : Cannot determine local hostname
16:01:49:134  INFO 20248 --- [main] com.alibaba.nacos.common.remote.client   : [53ee07b5-120c-4ac2-8dd9-f9d22fe957ea_config-0] Success to connect to server [192.168.43.198:8848] on start up, connectionId = 1766476863585_192.168.43.108_56831
16:01:49:134  INFO 20248 --- [com.alibaba.nacos.client.remote.worker] com.alibaba.nacos.common.remote.client   : [53ee07b5-120c-4ac2-8dd9-f9d22fe957ea_config-0] Notify connected event to listeners.
16:01:49:135  INFO 20248 --- [main] com.alibaba.nacos.common.remote.client   : [53ee07b5-120c-4ac2-8dd9-f9d22fe957ea_config-0] Register server push request handler:com.alibaba.nacos.common.remote.client.RpcClient$ConnectResetRequestHandler
16:01:49:135  INFO 20248 --- [main] com.alibaba.nacos.common.remote.client   : [53ee07b5-120c-4ac2-8dd9-f9d22fe957ea_config-0] Register server push request handler:com.alibaba.nacos.common.remote.client.RpcClient$$Lambda/0x000001c3b04fbdb0
16:01:49:215  WARN 20248 --- [main] c.a.c.n.c.NacosPropertySourceBuilder     : Ignore the empty nacos configuration and get it based on dataId[shared-log.yaml] & group[DEFAULT_GROUP]
16:01:49:222  WARN 20248 --- [main] c.a.c.n.c.NacosPropertySourceBuilder     : Ignore the empty nacos configuration and get it based on dataId[hm-gateway] & group[DEFAULT_GROUP]
16:01:49:233  WARN 20248 --- [main] c.a.c.n.c.NacosPropertySourceBuilder     : Ignore the empty nacos configuration and get it based on dataId[hm-gateway.yaml] & group[DEFAULT_GROUP]
16:01:49:244  WARN 20248 --- [main] c.a.c.n.c.NacosPropertySourceBuilder     : Ignore the empty nacos configuration and get it based on dataId[hm-gateway-local.yaml] & group[DEFAULT_GROUP]
16:01:49:245  INFO 20248 --- [main] b.c.PropertySourceBootstrapConfiguration : Located property source: [BootstrapPropertySource {name='bootstrapProperties-hm-gateway-local.yaml,DEFAULT_GROUP'}, BootstrapPropertySource {name='bootstrapProperties-hm-gateway.yaml,DEFAULT_GROUP'}, BootstrapPropertySource {name='bootstrapProperties-hm-gateway,DEFAULT_GROUP'}, BootstrapPropertySource {name='bootstrapProperties-shared-log.yaml,DEFAULT_GROUP'}]
16:01:49:263  INFO 20248 --- [main] com.hmall.gateway.GatewayApplication     : The following 1 profile is active: "local"
16:01:49:511  INFO 68792 --- [main] o.s.cloud.commons.util.InetUtils         : Cannot determine local hostname
16:01:49:892  INFO 68792 --- [main] o.s.c.g.r.RouteDefinitionRouteLocator    : Loaded RoutePredicateFactory [After]
16:01:49:893  INFO 68792 --- [main] o.s.c.g.r.RouteDefinitionRouteLocator    : Loaded RoutePredicateFactory [Before]
16:01:49:893  INFO 68792 --- [main] o.s.c.g.r.RouteDefinitionRouteLocator    : Loaded RoutePredicateFactory [Between]
16:01:49:893  INFO 68792 --- [main] o.s.c.g.r.RouteDefinitionRouteLocator    : Loaded RoutePredicateFactory [Cookie]
16:01:49:893  INFO 68792 --- [main] o.s.c.g.r.RouteDefinitionRouteLocator    : Loaded RoutePredicateFactory [Header]
16:01:49:893  INFO 68792 --- [main] o.s.c.g.r.RouteDefinitionRouteLocator    : Loaded RoutePredicateFactory [Host]
16:01:49:893  INFO 68792 --- [main] o.s.c.g.r.RouteDefinitionRouteLocator    : Loaded RoutePredicateFactory [Method]
16:01:49:893  INFO 68792 --- [main] o.s.c.g.r.RouteDefinitionRouteLocator    : Loaded RoutePredicateFactory [Path]
16:01:49:893  INFO 68792 --- [main] o.s.c.g.r.RouteDefinitionRouteLocator    : Loaded RoutePredicateFactory [Query]
16:01:49:893  INFO 68792 --- [main] o.s.c.g.r.RouteDefinitionRouteLocator    : Loaded RoutePredicateFactory [ReadBody]
16:01:49:893  INFO 68792 --- [main] o.s.c.g.r.RouteDefinitionRouteLocator    : Loaded RoutePredicateFactory [RemoteAddr]
16:01:49:893  INFO 68792 --- [main] o.s.c.g.r.RouteDefinitionRouteLocator    : Loaded RoutePredicateFactory [XForwardedRemoteAddr]
16:01:49:893  INFO 68792 --- [main] o.s.c.g.r.RouteDefinitionRouteLocator    : Loaded RoutePredicateFactory [Weight]
16:01:49:893  INFO 68792 --- [main] o.s.c.g.r.RouteDefinitionRouteLocator    : Loaded RoutePredicateFactory [CloudFoundryRouteService]
16:01:49:973  INFO 20248 --- [main] o.s.cloud.context.scope.GenericScope     : BeanFactory id=7955503d-44e6-312d-8d01-efcd20447e8c
16:01:50:043  INFO 20248 --- [main] trationDelegate$BeanPostProcessorChecker : Bean 'org.springframework.cloud.client.loadbalancer.reactive.LoadBalancerBeanPostProcessorAutoConfiguration' of type [org.springframework.cloud.client.loadbalancer.reactive.LoadBalancerBeanPostProcessorAutoConfiguration] is not eligible for getting processed by all BeanPostProcessors (for example: not eligible for auto-proxying)
16:01:50:045  INFO 20248 --- [main] trationDelegate$BeanPostProcessorChecker : Bean 'org.springframework.cloud.client.loadbalancer.reactive.LoadBalancerBeanPostProcessorAutoConfiguration$ReactorDeferringLoadBalancerFilterConfig' of type [org.springframework.cloud.client.loadbalancer.reactive.LoadBalancerBeanPostProcessorAutoConfiguration$ReactorDeferringLoadBalancerFilterConfig] is not eligible for getting processed by all BeanPostProcessors (for example: not eligible for auto-proxying)
16:01:50:046  INFO 20248 --- [main] trationDelegate$BeanPostProcessorChecker : Bean 'reactorDeferringLoadBalancerExchangeFilterFunction' of type [org.springframework.cloud.client.loadbalancer.reactive.DeferringLoadBalancerExchangeFilterFunction] is not eligible for getting processed by all BeanPostProcessors (for example: not eligible for auto-proxying)
16:01:50:801  INFO 20248 --- [main] c.h.gateway.routers.DynamicRouteLoader   : 更新路由配置:[
    {
        "id": "item",
        "predicates": [{
            "name": "Path",
            "args": {"_genkey_0":"/items/**", "_genkey_1":"/search/**"}
        }],
        "filters": [],
        "uri": "lb://item-service"
    },
    {
        "id": "cart",
        "predicates": [{
            "name": "Path",
            "args": {"_genkey_0":"/carts/**"}
        }],
        "filters": [],
        "uri": "lb://cart-service"
    },
    {
        "id": "user",
        "predicates": [{
            "name": "Path",
            "args": {"_genkey_0":"/users/**", "_genkey_1":"/addresses/**"}
        }],
        "filters": [],
        "uri": "lb://user-service"
    },
    {
        "id": "trade",
        "predicates": [{
            "name": "Path",
            "args": {"_genkey_0":"/orders/**"}
        }],
        "filters": [],
        "uri": "lb://trade-service"
    },
    {
        "id": "pay",
        "predicates": [{
            "name": "Path",
            "args": {"_genkey_0":"/pay-orders/**"}
        }],
        "filters": [],
        "uri": "lb://pay-service"
    }
]
16:01:51:124  INFO 68792 --- [main] o.s.cloud.commons.util.InetUtils         : Cannot determine local hostname
16:01:51:523  INFO 68792 --- [main] com.alibaba.nacos.common.remote.client   : [RpcClientFactory] create a new rpc client of 877d0802-ba9b-4b19-bf70-97a72a645ffb
16:01:51:524  INFO 68792 --- [main] com.alibaba.nacos.common.remote.client   : [877d0802-ba9b-4b19-bf70-97a72a645ffb] RpcClient init label, labels = {module=naming, source=sdk}
16:01:51:526  INFO 68792 --- [main] com.alibaba.nacos.common.remote.client   : [877d0802-ba9b-4b19-bf70-97a72a645ffb] RpcClient init, ServerListFactory = com.alibaba.nacos.client.naming.core.ServerListManager
16:01:51:526  INFO 68792 --- [main] com.alibaba.nacos.common.remote.client   : [877d0802-ba9b-4b19-bf70-97a72a645ffb] Registry connection listener to current client:com.alibaba.nacos.client.naming.remote.gprc.redo.NamingGrpcRedoService
16:01:51:526  INFO 68792 --- [main] com.alibaba.nacos.common.remote.client   : [877d0802-ba9b-4b19-bf70-97a72a645ffb] Register server push request handler:com.alibaba.nacos.client.naming.remote.gprc.NamingPushRequestHandler
16:01:51:527  INFO 68792 --- [main] com.alibaba.nacos.common.remote.client   : [877d0802-ba9b-4b19-bf70-97a72a645ffb] Try to connect to server on start up, server: {serverIp = '192.168.43.198', server main port = 8848}
16:01:51:651  INFO 68792 --- [main] com.alibaba.nacos.common.remote.client   : [877d0802-ba9b-4b19-bf70-97a72a645ffb] Success to connect to server [192.168.43.198:8848] on start up, connectionId = 1766476866228_192.168.43.108_56844
16:01:51:651  INFO 68792 --- [main] com.alibaba.nacos.common.remote.client   : [877d0802-ba9b-4b19-bf70-97a72a645ffb] Register server push request handler:com.alibaba.nacos.common.remote.client.RpcClient$ConnectResetRequestHandler
16:01:51:651  INFO 68792 --- [com.alibaba.nacos.client.remote.worker] com.alibaba.nacos.common.remote.client   : [877d0802-ba9b-4b19-bf70-97a72a645ffb] Notify connected event to listeners.
16:01:51:651  INFO 68792 --- [main] com.alibaba.nacos.common.remote.client   : [877d0802-ba9b-4b19-bf70-97a72a645ffb] Register server push request handler:com.alibaba.nacos.common.remote.client.RpcClient$$Lambda/0x000001cdb3504440
16:01:51:947  INFO 68792 --- [main] o.s.b.web.embedded.netty.NettyWebServer  : Netty started on port 8080
16:01:52:021  INFO 20248 --- [main] o.s.cloud.commons.util.InetUtils         : Cannot determine local hostname
16:01:52:268  INFO 68792 --- [nacos-grpc-client-executor-4] com.alibaba.nacos.common.remote.client   : [877d0802-ba9b-4b19-bf70-97a72a645ffb] Receive server push request, request = NotifySubscriberRequest, requestId = 8
16:01:52:268  INFO 68792 --- [nacos-grpc-client-executor-4] com.alibaba.nacos.common.remote.client   : [877d0802-ba9b-4b19-bf70-97a72a645ffb] Ack server push request, request = NotifySubscriberRequest, requestId = 8
16:01:52:959  INFO 68792 --- [main] o.s.cloud.commons.util.InetUtils         : Cannot determine local hostname
16:01:53:044  INFO 20248 --- [main] o.s.cloud.commons.util.InetUtils         : Cannot determine local hostname
16:01:53:355  INFO 20248 --- [main] o.s.c.g.r.RouteDefinitionRouteLocator    : Loaded RoutePredicateFactory [After]
16:01:53:355  INFO 20248 --- [main] o.s.c.g.r.RouteDefinitionRouteLocator    : Loaded RoutePredicateFactory [Before]
16:01:53:355  INFO 20248 --- [main] o.s.c.g.r.RouteDefinitionRouteLocator    : Loaded RoutePredicateFactory [Between]
16:01:53:355  INFO 20248 --- [main] o.s.c.g.r.RouteDefinitionRouteLocator    : Loaded RoutePredicateFactory [Cookie]
16:01:53:355  INFO 20248 --- [main] o.s.c.g.r.RouteDefinitionRouteLocator    : Loaded RoutePredicateFactory [Header]
16:01:53:355  INFO 20248 --- [main] o.s.c.g.r.RouteDefinitionRouteLocator    : Loaded RoutePredicateFactory [Host]
16:01:53:355  INFO 20248 --- [main] o.s.c.g.r.RouteDefinitionRouteLocator    : Loaded RoutePredicateFactory [Method]
16:01:53:355  INFO 20248 --- [main] o.s.c.g.r.RouteDefinitionRouteLocator    : Loaded RoutePredicateFactory [Path]
16:01:53:356  INFO 20248 --- [main] o.s.c.g.r.RouteDefinitionRouteLocator    : Loaded RoutePredicateFactory [Query]
16:01:53:356  INFO 20248 --- [main] o.s.c.g.r.RouteDefinitionRouteLocator    : Loaded RoutePredicateFactory [ReadBody]
16:01:53:356  INFO 20248 --- [main] o.s.c.g.r.RouteDefinitionRouteLocator    : Loaded RoutePredicateFactory [RemoteAddr]
16:01:53:356  INFO 20248 --- [main] o.s.c.g.r.RouteDefinitionRouteLocator    : Loaded RoutePredicateFactory [XForwardedRemoteAddr]
16:01:53:356  INFO 20248 --- [main] o.s.c.g.r.RouteDefinitionRouteLocator    : Loaded RoutePredicateFactory [Weight]
16:01:53:356  INFO 20248 --- [main] o.s.c.g.r.RouteDefinitionRouteLocator    : Loaded RoutePredicateFactory [CloudFoundryRouteService]
16:01:53:966  INFO 68792 --- [main] o.s.cloud.commons.util.InetUtils         : Cannot determine local hostname
16:01:53:982  INFO 68792 --- [main] c.a.c.n.registry.NacosServiceRegistry    : nacos registry, DEFAULT_GROUP hm-gateway 192.168.16.1:8080 register finished
16:01:54:001  INFO 68792 --- [main] com.hmall.gateway.GatewayApplication     : Started GatewayApplication in 13.516 seconds (JVM running for 14.219)
16:01:54:006  INFO 68792 --- [main] c.a.c.n.refresh.NacosContextRefresher    : [Nacos Config] Listening config: dataId=hm-gateway-local.yaml, group=DEFAULT_GROUP
16:01:54:006  INFO 68792 --- [main] c.a.c.n.refresh.NacosContextRefresher    : [Nacos Config] Listening config: dataId=hm-gateway, group=DEFAULT_GROUP
16:01:54:006  INFO 68792 --- [main] c.a.c.n.refresh.NacosContextRefresher    : [Nacos Config] Listening config: dataId=hm-gateway.yaml, group=DEFAULT_GROUP
16:01:54:521  INFO 20248 --- [main] o.s.cloud.commons.util.InetUtils         : Cannot determine local hostname
16:01:54:573  INFO 68792 --- [nacos-grpc-client-executor-8] com.alibaba.nacos.common.remote.client   : [877d0802-ba9b-4b19-bf70-97a72a645ffb] Receive server push request, request = NotifySubscriberRequest, requestId = 9
16:01:54:595  INFO 68792 --- [nacos-grpc-client-executor-8] com.alibaba.nacos.common.remote.client   : [877d0802-ba9b-4b19-bf70-97a72a645ffb] Ack server push request, request = NotifySubscriberRequest, requestId = 9
16:01:54:896  INFO 20248 --- [main] com.alibaba.nacos.common.remote.client   : [RpcClientFactory] create a new rpc client of 8dc4d6ab-aaa2-49e5-aad7-152ab7b23db5
16:01:54:897  INFO 20248 --- [main] com.alibaba.nacos.common.remote.client   : [8dc4d6ab-aaa2-49e5-aad7-152ab7b23db5] RpcClient init label, labels = {module=naming, source=sdk}
16:01:54:898  INFO 20248 --- [main] com.alibaba.nacos.common.remote.client   : [8dc4d6ab-aaa2-49e5-aad7-152ab7b23db5] RpcClient init, ServerListFactory = com.alibaba.nacos.client.naming.core.ServerListManager
16:01:54:898  INFO 20248 --- [main] com.alibaba.nacos.common.remote.client   : [8dc4d6ab-aaa2-49e5-aad7-152ab7b23db5] Registry connection listener to current client:com.alibaba.nacos.client.naming.remote.gprc.redo.NamingGrpcRedoService
16:01:54:899  INFO 20248 --- [main] com.alibaba.nacos.common.remote.client   : [8dc4d6ab-aaa2-49e5-aad7-152ab7b23db5] Register server push request handler:com.alibaba.nacos.client.naming.remote.gprc.NamingPushRequestHandler
16:01:54:899  INFO 20248 --- [main] com.alibaba.nacos.common.remote.client   : [8dc4d6ab-aaa2-49e5-aad7-152ab7b23db5] Try to connect to server on start up, server: {serverIp = '192.168.43.198', server main port = 8848}
16:01:55:024  INFO 20248 --- [main] com.alibaba.nacos.common.remote.client   : [8dc4d6ab-aaa2-49e5-aad7-152ab7b23db5] Success to connect to server [192.168.43.198:8848] on start up, connectionId = 1766476869600_192.168.43.108_56860
16:01:55:024  INFO 20248 --- [main] com.alibaba.nacos.common.remote.client   : [8dc4d6ab-aaa2-49e5-aad7-152ab7b23db5] Register server push request handler:com.alibaba.nacos.common.remote.client.RpcClient$ConnectResetRequestHandler
16:01:55:024  INFO 20248 --- [main] com.alibaba.nacos.common.remote.client   : [8dc4d6ab-aaa2-49e5-aad7-152ab7b23db5] Register server push request handler:com.alibaba.nacos.common.remote.client.RpcClient$$Lambda/0x000001c3b04fbdb0
16:01:55:024  INFO 20248 --- [com.alibaba.nacos.client.remote.worker] com.alibaba.nacos.common.remote.client   : [8dc4d6ab-aaa2-49e5-aad7-152ab7b23db5] Notify connected event to listeners.
16:01:55:189  WARN 20248 --- [main] onfigReactiveWebServerApplicationContext : Exception encountered during context initialization - cancelling refresh attempt: org.springframework.context.ApplicationContextException: Failed to start bean 'webServerStartStop'; nested exception is org.springframework.boot.web.server.PortInUseException: Port 8080 is already in use
16:01:55:590  INFO 20248 --- [nacos-grpc-client-executor-5] com.alibaba.nacos.common.remote.client   : [8dc4d6ab-aaa2-49e5-aad7-152ab7b23db5] Receive server push request, request = NotifySubscriberRequest, requestId = 10
16:01:55:591  INFO 20248 --- [nacos-grpc-client-executor-5] com.alibaba.nacos.common.remote.client   : [8dc4d6ab-aaa2-49e5-aad7-152ab7b23db5] Ack server push request, request = NotifySubscriberRequest, requestId = 10
16:01:55:800  INFO 20248 --- [main] com.alibaba.nacos.common.remote.client   : Shutdown rpc client, set status to shutdown
16:01:55:800  INFO 20248 --- [main] com.alibaba.nacos.common.remote.client   : Shutdown client event executor java.util.concurrent.ScheduledThreadPoolExecutor@239d73ff[Running, pool size = 2, active threads = 2, queued tasks = 0, completed tasks = 0]
16:01:55:800  INFO 20248 --- [main] com.alibaba.nacos.common.remote.client   : Close current connection 1766476869600_192.168.43.108_56860
16:01:55:802  INFO 20248 --- [nacos-grpc-client-executor-6] c.a.n.c.remote.client.grpc.GrpcClient    : [1766476869600_192.168.43.108_56860]Ignore complete event,isRunning:false,isAbandon=false
16:01:55:806  INFO 20248 --- [main] c.a.n.c.remote.client.grpc.GrpcClient    : Shutdown grpc executor java.util.concurrent.ThreadPoolExecutor@21ab919c[Running, pool size = 7, active threads = 0, queued tasks = 0, completed tasks = 7]
16:01:55:808  INFO 20248 --- [main] com.alibaba.nacos.common.remote.client   : [RpcClientFactory] create a new rpc client of b728d95a-8148-40d3-b9b2-b8e9f6f45c81
16:01:55:808  INFO 20248 --- [main] com.alibaba.nacos.common.remote.client   : [b728d95a-8148-40d3-b9b2-b8e9f6f45c81] RpcClient init label, labels = {module=naming, source=sdk}
16:01:55:809  INFO 20248 --- [main] com.alibaba.nacos.common.remote.client   : [b728d95a-8148-40d3-b9b2-b8e9f6f45c81] RpcClient init, ServerListFactory = com.alibaba.nacos.client.naming.core.ServerListManager
16:01:55:809  INFO 20248 --- [main] com.alibaba.nacos.common.remote.client   : [b728d95a-8148-40d3-b9b2-b8e9f6f45c81] Registry connection listener to current client:com.alibaba.nacos.client.naming.remote.gprc.redo.NamingGrpcRedoService
16:01:55:809  INFO 20248 --- [main] com.alibaba.nacos.common.remote.client   : [b728d95a-8148-40d3-b9b2-b8e9f6f45c81] Register server push request handler:com.alibaba.nacos.client.naming.remote.gprc.NamingPushRequestHandler
16:01:55:809  INFO 20248 --- [main] com.alibaba.nacos.common.remote.client   : [b728d95a-8148-40d3-b9b2-b8e9f6f45c81] Try to connect to server on start up, server: {serverIp = '192.168.43.198', server main port = 8848}
16:01:55:933  INFO 20248 --- [main] com.alibaba.nacos.common.remote.client   : [b728d95a-8148-40d3-b9b2-b8e9f6f45c81] Success to connect to server [192.168.43.198:8848] on start up, connectionId = 1766476870512_192.168.43.108_56871
16:01:55:933  INFO 20248 --- [main] com.alibaba.nacos.common.remote.client   : [b728d95a-8148-40d3-b9b2-b8e9f6f45c81] Register server push request handler:com.alibaba.nacos.common.remote.client.RpcClient$ConnectResetRequestHandler
16:01:55:933  INFO 20248 --- [main] com.alibaba.nacos.common.remote.client   : [b728d95a-8148-40d3-b9b2-b8e9f6f45c81] Register server push request handler:com.alibaba.nacos.common.remote.client.RpcClient$$Lambda/0x000001c3b04fbdb0
16:01:55:933  INFO 20248 --- [com.alibaba.nacos.client.remote.worker] com.alibaba.nacos.common.remote.client   : [b728d95a-8148-40d3-b9b2-b8e9f6f45c81] Notify connected event to listeners.
16:01:57:976  INFO 20248 --- [main] ConditionEvaluationReportLoggingListener : 

Error starting ApplicationContext. To display the conditions report re-run your application with 'debug' enabled.
16:01:57:990 ERROR 20248 --- [main] o.s.b.d.LoggingFailureAnalysisReporter   : 

***************************
APPLICATION FAILED TO START
***************************

Description:

Web server failed to start. Port 8080 was already in use.

Action:

Identify and stop the process that's listening on port 8080 or configure this application to listen on another port.

16:01:58:967  WARN 20248 --- [Thread-1] c.a.n.common.http.HttpClientBeanHolder   : [HttpClientBeanHolder] Start destroying common HttpClient
16:01:58:967  WARN 20248 --- [Thread-5] c.a.nacos.common.notify.NotifyCenter     : [NotifyCenter] Start destroying Publisher
16:01:58:967  WARN 20248 --- [Thread-5] c.a.nacos.common.notify.NotifyCenter     : [NotifyCenter] Destruction of the end
16:04:33:392  WARN 68792 --- [Thread-5] c.a.nacos.common.notify.NotifyCenter     : [NotifyCenter] Start destroying Publisher
16:04:33:392  WARN 68792 --- [Thread-1] c.a.n.common.http.HttpClientBeanHolder   : [HttpClientBeanHolder] Start destroying common HttpClient
16:04:33:398  WARN 68792 --- [Thread-5] c.a.nacos.common.notify.NotifyCenter     : [NotifyCenter] Destruction of the end
16:04:33:403  WARN 68792 --- [Thread-1] c.a.n.common.http.HttpClientBeanHolder   : [HttpClientBeanHolder] Destruction of the end
16:04:33:496  INFO 68792 --- [SpringApplicationShutdownHook] c.a.c.n.registry.NacosServiceRegistry    : De-registering from Nacos Server now...
16:04:33:502  INFO 68792 --- [SpringApplicationShutdownHook] c.a.c.n.registry.NacosServiceRegistry    : De-registration finished.
16:04:33:814  INFO 68792 --- [SpringApplicationShutdownHook] com.alibaba.nacos.common.remote.client   : Shutdown rpc client, set status to shutdown
16:04:33:815  INFO 68792 --- [SpringApplicationShutdownHook] com.alibaba.nacos.common.remote.client   : Shutdown client event executor java.util.concurrent.ScheduledThreadPoolExecutor@21688427[Running, pool size = 2, active threads = 2, queued tasks = 0, completed tasks = 0]
16:04:33:815  INFO 68792 --- [SpringApplicationShutdownHook] com.alibaba.nacos.common.remote.client   : Close current connection 1766476866228_192.168.43.108_56844
16:04:33:817  INFO 68792 --- [nacos-grpc-client-executor-44] c.a.n.c.remote.client.grpc.GrpcClient    : [1766476866228_192.168.43.108_56844]Ignore complete event,isRunning:false,isAbandon=false
16:04:33:828  INFO 68792 --- [SpringApplicationShutdownHook] c.a.n.c.remote.client.grpc.GrpcClient    : Shutdown grpc executor java.util.concurrent.ThreadPoolExecutor@4cf5d999[Running, pool size = 5, active threads = 0, queued tasks = 0, completed tasks = 45]
16:04:40:706  INFO 10580 --- [main] com.alibaba.nacos.common.remote.client   : [RpcClientFactory] create a new rpc client of 0baa3d78-9b1a-4f6d-9e04-185e4da30763_config-0
16:04:40:802  INFO 10580 --- [main] org.reflections.Reflections              : Reflections took 38 ms to scan 1 urls, producing 3 keys and 6 values 
16:04:40:835  INFO 10580 --- [main] org.reflections.Reflections              : Reflections took 9 ms to scan 1 urls, producing 4 keys and 9 values 
16:04:40:850  INFO 10580 --- [main] org.reflections.Reflections              : Reflections took 13 ms to scan 1 urls, producing 3 keys and 10 values 
16:04:40:852  WARN 10580 --- [main] org.reflections.Reflections              : given scan urls are empty. set urls in the configuration
16:04:40:859  INFO 10580 --- [main] org.reflections.Reflections              : Reflections took 6 ms to scan 1 urls, producing 1 keys and 5 values 
16:04:40:869  INFO 10580 --- [main] org.reflections.Reflections              : Reflections took 7 ms to scan 1 urls, producing 1 keys and 7 values 
16:04:40:880  INFO 10580 --- [main] org.reflections.Reflections              : Reflections took 8 ms to scan 1 urls, producing 2 keys and 8 values 
16:04:40:883  WARN 10580 --- [main] org.reflections.Reflections              : given scan urls are empty. set urls in the configuration
16:04:40:884  INFO 10580 --- [main] com.alibaba.nacos.common.remote.client   : [0baa3d78-9b1a-4f6d-9e04-185e4da30763_config-0] RpcClient init label, labels = {module=config, Vipserver-Tag=null, source=sdk, Amory-Tag=null, Location-Tag=null, taskId=0, AppName=unknown}
16:04:40:885  INFO 10580 --- [main] com.alibaba.nacos.common.remote.client   : [0baa3d78-9b1a-4f6d-9e04-185e4da30763_config-0] Register server push request handler:com.alibaba.nacos.client.config.impl.ClientWorker$ConfigRpcTransportClient$$Lambda/0x000001e21a3c0248
16:04:40:885  INFO 10580 --- [main] com.alibaba.nacos.common.remote.client   : [0baa3d78-9b1a-4f6d-9e04-185e4da30763_config-0] Register server push request handler:com.alibaba.nacos.client.config.impl.ClientWorker$ConfigRpcTransportClient$$Lambda/0x000001e21a3c0468
16:04:40:885  INFO 10580 --- [main] com.alibaba.nacos.common.remote.client   : [0baa3d78-9b1a-4f6d-9e04-185e4da30763_config-0] Registry connection listener to current client:com.alibaba.nacos.client.config.impl.ClientWorker$ConfigRpcTransportClient$1
16:04:40:886  INFO 10580 --- [main] com.alibaba.nacos.common.remote.client   : [0baa3d78-9b1a-4f6d-9e04-185e4da30763_config-0] RpcClient init, ServerListFactory = com.alibaba.nacos.client.config.impl.ClientWorker$ConfigRpcTransportClient$2
16:04:40:902  INFO 10580 --- [main] com.alibaba.nacos.common.remote.client   : [0baa3d78-9b1a-4f6d-9e04-185e4da30763_config-0] Try to connect to server on start up, server: {serverIp = '192.168.43.198', server main port = 8848}
16:04:41:782  INFO 10580 --- [main] com.alibaba.nacos.common.remote.client   : [0baa3d78-9b1a-4f6d-9e04-185e4da30763_config-0] Success to connect to server [192.168.43.198:8848] on start up, connectionId = 1766477036277_192.168.43.108_51858
16:04:41:784  INFO 10580 --- [com.alibaba.nacos.client.remote.worker] com.alibaba.nacos.common.remote.client   : [0baa3d78-9b1a-4f6d-9e04-185e4da30763_config-0] Notify connected event to listeners.
16:04:41:784  INFO 10580 --- [main] com.alibaba.nacos.common.remote.client   : [0baa3d78-9b1a-4f6d-9e04-185e4da30763_config-0] Register server push request handler:com.alibaba.nacos.common.remote.client.RpcClient$ConnectResetRequestHandler
16:04:41:785  INFO 10580 --- [main] com.alibaba.nacos.common.remote.client   : [0baa3d78-9b1a-4f6d-9e04-185e4da30763_config-0] Register server push request handler:com.alibaba.nacos.common.remote.client.RpcClient$$Lambda/0x000001e21a4fcd90
16:04:41:837  WARN 10580 --- [main] c.a.c.n.c.NacosPropertySourceBuilder     : Ignore the empty nacos configuration and get it based on dataId[shared-log.yaml] & group[DEFAULT_GROUP]
16:04:41:845  WARN 10580 --- [main] c.a.c.n.c.NacosPropertySourceBuilder     : Ignore the empty nacos configuration and get it based on dataId[hm-gateway] & group[DEFAULT_GROUP]
16:04:41:852  WARN 10580 --- [main] c.a.c.n.c.NacosPropertySourceBuilder     : Ignore the empty nacos configuration and get it based on dataId[hm-gateway.yaml] & group[DEFAULT_GROUP]
16:04:41:857  WARN 10580 --- [main] c.a.c.n.c.NacosPropertySourceBuilder     : Ignore the empty nacos configuration and get it based on dataId[hm-gateway-local.yaml] & group[DEFAULT_GROUP]
16:04:41:858  INFO 10580 --- [main] b.c.PropertySourceBootstrapConfiguration : Located property source: [BootstrapPropertySource {name='bootstrapProperties-hm-gateway-local.yaml,DEFAULT_GROUP'}, BootstrapPropertySource {name='bootstrapProperties-hm-gateway.yaml,DEFAULT_GROUP'}, BootstrapPropertySource {name='bootstrapProperties-hm-gateway,DEFAULT_GROUP'}, BootstrapPropertySource {name='bootstrapProperties-shared-log.yaml,DEFAULT_GROUP'}]
16:04:41:874  INFO 10580 --- [main] com.hmall.gateway.GatewayApplication     : The following 1 profile is active: "local"
16:04:42:403  INFO 10580 --- [main] o.s.cloud.context.scope.GenericScope     : BeanFactory id=7955503d-44e6-312d-8d01-efcd20447e8c
16:04:42:452  INFO 10580 --- [main] trationDelegate$BeanPostProcessorChecker : Bean 'org.springframework.cloud.client.loadbalancer.reactive.LoadBalancerBeanPostProcessorAutoConfiguration' of type [org.springframework.cloud.client.loadbalancer.reactive.LoadBalancerBeanPostProcessorAutoConfiguration] is not eligible for getting processed by all BeanPostProcessors (for example: not eligible for auto-proxying)
16:04:42:453  INFO 10580 --- [main] trationDelegate$BeanPostProcessorChecker : Bean 'org.springframework.cloud.client.loadbalancer.reactive.LoadBalancerBeanPostProcessorAutoConfiguration$ReactorDeferringLoadBalancerFilterConfig' of type [org.springframework.cloud.client.loadbalancer.reactive.LoadBalancerBeanPostProcessorAutoConfiguration$ReactorDeferringLoadBalancerFilterConfig] is not eligible for getting processed by all BeanPostProcessors (for example: not eligible for auto-proxying)
16:04:42:454  INFO 10580 --- [main] trationDelegate$BeanPostProcessorChecker : Bean 'reactorDeferringLoadBalancerExchangeFilterFunction' of type [org.springframework.cloud.client.loadbalancer.reactive.DeferringLoadBalancerExchangeFilterFunction] is not eligible for getting processed by all BeanPostProcessors (for example: not eligible for auto-proxying)
16:04:43:006  INFO 10580 --- [main] c.h.gateway.routers.DynamicRouteLoader   : 更新路由配置:[
    {
        "id": "item",
        "predicates": [{
            "name": "Path",
            "args": {"_genkey_0":"/items/**", "_genkey_1":"/search/**"}
        }],
        "filters": [],
        "uri": "lb://item-service"
    },
    {
        "id": "cart",
        "predicates": [{
            "name": "Path",
            "args": {"_genkey_0":"/carts/**"}
        }],
        "filters": [],
        "uri": "lb://cart-service"
    },
    {
        "id": "user",
        "predicates": [{
            "name": "Path",
            "args": {"_genkey_0":"/users/**", "_genkey_1":"/addresses/**"}
        }],
        "filters": [],
        "uri": "lb://user-service"
    },
    {
        "id": "trade",
        "predicates": [{
            "name": "Path",
            "args": {"_genkey_0":"/orders/**"}
        }],
        "filters": [],
        "uri": "lb://trade-service"
    },
    {
        "id": "pay",
        "predicates": [{
            "name": "Path",
            "args": {"_genkey_0":"/pay-orders/**"}
        }],
        "filters": [],
        "uri": "lb://pay-service"
    }
]
16:04:44:211  INFO 10580 --- [main] o.s.cloud.commons.util.InetUtils         : Cannot determine local hostname
16:04:45:224  INFO 10580 --- [main] o.s.cloud.commons.util.InetUtils         : Cannot determine local hostname
16:04:45:454  INFO 10580 --- [main] o.s.c.g.r.RouteDefinitionRouteLocator    : Loaded RoutePredicateFactory [After]
16:04:45:454  INFO 10580 --- [main] o.s.c.g.r.RouteDefinitionRouteLocator    : Loaded RoutePredicateFactory [Before]
16:04:45:454  INFO 10580 --- [main] o.s.c.g.r.RouteDefinitionRouteLocator    : Loaded RoutePredicateFactory [Between]
16:04:45:454  INFO 10580 --- [main] o.s.c.g.r.RouteDefinitionRouteLocator    : Loaded RoutePredicateFactory [Cookie]
16:04:45:454  INFO 10580 --- [main] o.s.c.g.r.RouteDefinitionRouteLocator    : Loaded RoutePredicateFactory [Header]
16:04:45:454  INFO 10580 --- [main] o.s.c.g.r.RouteDefinitionRouteLocator    : Loaded RoutePredicateFactory [Host]
16:04:45:454  INFO 10580 --- [main] o.s.c.g.r.RouteDefinitionRouteLocator    : Loaded RoutePredicateFactory [Method]
16:04:45:454  INFO 10580 --- [main] o.s.c.g.r.RouteDefinitionRouteLocator    : Loaded RoutePredicateFactory [Path]
16:04:45:454  INFO 10580 --- [main] o.s.c.g.r.RouteDefinitionRouteLocator    : Loaded RoutePredicateFactory [Query]
16:04:45:454  INFO 10580 --- [main] o.s.c.g.r.RouteDefinitionRouteLocator    : Loaded RoutePredicateFactory [ReadBody]
16:04:45:454  INFO 10580 --- [main] o.s.c.g.r.RouteDefinitionRouteLocator    : Loaded RoutePredicateFactory [RemoteAddr]
16:04:45:454  INFO 10580 --- [main] o.s.c.g.r.RouteDefinitionRouteLocator    : Loaded RoutePredicateFactory [XForwardedRemoteAddr]
16:04:45:455  INFO 10580 --- [main] o.s.c.g.r.RouteDefinitionRouteLocator    : Loaded RoutePredicateFactory [Weight]
16:04:45:455  INFO 10580 --- [main] o.s.c.g.r.RouteDefinitionRouteLocator    : Loaded RoutePredicateFactory [CloudFoundryRouteService]
16:04:46:593  INFO 10580 --- [main] o.s.cloud.commons.util.InetUtils         : Cannot determine local hostname
16:04:46:907  INFO 10580 --- [main] com.alibaba.nacos.common.remote.client   : [RpcClientFactory] create a new rpc client of b479a9db-58f4-4fe9-b1ba-c97625e976e2
16:04:46:907  INFO 10580 --- [main] com.alibaba.nacos.common.remote.client   : [b479a9db-58f4-4fe9-b1ba-c97625e976e2] RpcClient init label, labels = {module=naming, source=sdk}
16:04:46:909  INFO 10580 --- [main] com.alibaba.nacos.common.remote.client   : [b479a9db-58f4-4fe9-b1ba-c97625e976e2] RpcClient init, ServerListFactory = com.alibaba.nacos.client.naming.core.ServerListManager
16:04:46:909  INFO 10580 --- [main] com.alibaba.nacos.common.remote.client   : [b479a9db-58f4-4fe9-b1ba-c97625e976e2] Registry connection listener to current client:com.alibaba.nacos.client.naming.remote.gprc.redo.NamingGrpcRedoService
16:04:46:909  INFO 10580 --- [main] com.alibaba.nacos.common.remote.client   : [b479a9db-58f4-4fe9-b1ba-c97625e976e2] Register server push request handler:com.alibaba.nacos.client.naming.remote.gprc.NamingPushRequestHandler
16:04:46:909  INFO 10580 --- [main] com.alibaba.nacos.common.remote.client   : [b479a9db-58f4-4fe9-b1ba-c97625e976e2] Try to connect to server on start up, server: {serverIp = '192.168.43.198', server main port = 8848}
16:04:47:028  INFO 10580 --- [main] com.alibaba.nacos.common.remote.client   : [b479a9db-58f4-4fe9-b1ba-c97625e976e2] Success to connect to server [192.168.43.198:8848] on start up, connectionId = 1766477041611_192.168.43.108_51875
16:04:47:028  INFO 10580 --- [main] com.alibaba.nacos.common.remote.client   : [b479a9db-58f4-4fe9-b1ba-c97625e976e2] Register server push request handler:com.alibaba.nacos.common.remote.client.RpcClient$ConnectResetRequestHandler
16:04:47:028  INFO 10580 --- [main] com.alibaba.nacos.common.remote.client   : [b479a9db-58f4-4fe9-b1ba-c97625e976e2] Register server push request handler:com.alibaba.nacos.common.remote.client.RpcClient$$Lambda/0x000001e21a4fcd90
16:04:47:028  INFO 10580 --- [com.alibaba.nacos.client.remote.worker] com.alibaba.nacos.common.remote.client   : [b479a9db-58f4-4fe9-b1ba-c97625e976e2] Notify connected event to listeners.
16:04:47:181  INFO 10580 --- [main] o.s.b.web.embedded.netty.NettyWebServer  : Netty started on port 8080
16:04:47:623  INFO 10580 --- [nacos-grpc-client-executor-4] com.alibaba.nacos.common.remote.client   : [b479a9db-58f4-4fe9-b1ba-c97625e976e2] Receive server push request, request = NotifySubscriberRequest, requestId = 16
16:04:47:623  INFO 10580 --- [nacos-grpc-client-executor-4] com.alibaba.nacos.common.remote.client   : [b479a9db-58f4-4fe9-b1ba-c97625e976e2] Ack server push request, request = NotifySubscriberRequest, requestId = 16
16:04:48:185  INFO 10580 --- [main] o.s.cloud.commons.util.InetUtils         : Cannot determine local hostname
16:04:49:189  INFO 10580 --- [main] o.s.cloud.commons.util.InetUtils         : Cannot determine local hostname
16:04:49:197  INFO 10580 --- [main] c.a.c.n.registry.NacosServiceRegistry    : nacos registry, DEFAULT_GROUP hm-gateway 192.168.16.1:8080 register finished
16:04:49:210  INFO 10580 --- [main] com.hmall.gateway.GatewayApplication     : Started GatewayApplication in 11.462 seconds (JVM running for 12.393)
16:04:49:212  INFO 10580 --- [main] c.a.c.n.refresh.NacosContextRefresher    : [Nacos Config] Listening config: dataId=hm-gateway-local.yaml, group=DEFAULT_GROUP
16:04:49:212  INFO 10580 --- [main] c.a.c.n.refresh.NacosContextRefresher    : [Nacos Config] Listening config: dataId=hm-gateway, group=DEFAULT_GROUP
16:04:49:212  INFO 10580 --- [main] c.a.c.n.refresh.NacosContextRefresher    : [Nacos Config] Listening config: dataId=hm-gateway.yaml, group=DEFAULT_GROUP
16:04:49:737  INFO 10580 --- [nacos-grpc-client-executor-7] com.alibaba.nacos.common.remote.client   : [b479a9db-58f4-4fe9-b1ba-c97625e976e2] Receive server push request, request = NotifySubscriberRequest, requestId = 17
16:04:49:756  INFO 10580 --- [nacos-grpc-client-executor-7] com.alibaba.nacos.common.remote.client   : [b479a9db-58f4-4fe9-b1ba-c97625e976e2] Ack server push request, request = NotifySubscriberRequest, requestId = 17
16:09:43:572  INFO 10580 --- [nacos-grpc-client-executor-70] com.alibaba.nacos.common.remote.client   : [b479a9db-58f4-4fe9-b1ba-c97625e976e2] Receive server push request, request = NotifySubscriberRequest, requestId = 22
16:09:43:574  INFO 10580 --- [nacos-grpc-client-executor-70] com.alibaba.nacos.common.remote.client   : [b479a9db-58f4-4fe9-b1ba-c97625e976e2] Ack server push request, request = NotifySubscriberRequest, requestId = 22
16:09:50:254  INFO 10580 --- [nacos-grpc-client-executor-74] com.alibaba.nacos.common.remote.client   : [b479a9db-58f4-4fe9-b1ba-c97625e976e2] Receive server push request, request = NotifySubscriberRequest, requestId = 23
16:09:50:255  INFO 10580 --- [nacos-grpc-client-executor-74] com.alibaba.nacos.common.remote.client   : [b479a9db-58f4-4fe9-b1ba-c97625e976e2] Ack server push request, request = NotifySubscriberRequest, requestId = 23
16:09:53:576  INFO 10580 --- [nacos-grpc-client-executor-77] com.alibaba.nacos.common.remote.client   : [b479a9db-58f4-4fe9-b1ba-c97625e976e2] Receive server push request, request = NotifySubscriberRequest, requestId = 25
16:09:53:576  INFO 10580 --- [nacos-grpc-client-executor-77] com.alibaba.nacos.common.remote.client   : [b479a9db-58f4-4fe9-b1ba-c97625e976e2] Ack server push request, request = NotifySubscriberRequest, requestId = 25
16:09:59:229  INFO 10580 --- [nacos-grpc-client-executor-80] com.alibaba.nacos.common.remote.client   : [b479a9db-58f4-4fe9-b1ba-c97625e976e2] Receive server push request, request = NotifySubscriberRequest, requestId = 26
16:09:59:229  INFO 10580 --- [nacos-grpc-client-executor-80] com.alibaba.nacos.common.remote.client   : [b479a9db-58f4-4fe9-b1ba-c97625e976e2] Ack server push request, request = NotifySubscriberRequest, requestId = 26
16:10:31:984  INFO 10580 --- [nacos-grpc-client-executor-88] com.alibaba.nacos.common.remote.client   : [b479a9db-58f4-4fe9-b1ba-c97625e976e2] Receive server push request, request = NotifySubscriberRequest, requestId = 30
16:10:31:985  INFO 10580 --- [nacos-grpc-client-executor-88] com.alibaba.nacos.common.remote.client   : [b479a9db-58f4-4fe9-b1ba-c97625e976e2] Ack server push request, request = NotifySubscriberRequest, requestId = 30
16:17:56:111  INFO 10580 --- [nacos-grpc-client-executor-191] com.alibaba.nacos.common.remote.client   : [b479a9db-58f4-4fe9-b1ba-c97625e976e2] Receive server push request, request = NotifySubscriberRequest, requestId = 32
16:17:56:154  INFO 10580 --- [nacos-grpc-client-executor-191] com.alibaba.nacos.common.remote.client   : [b479a9db-58f4-4fe9-b1ba-c97625e976e2] Ack server push request, request = NotifySubscriberRequest, requestId = 32
16:18:12:485  INFO 44824 --- [main] com.alibaba.nacos.common.remote.client   : [RpcClientFactory] create a new rpc client of 6d8c40fd-ec1c-4469-a3cd-2b3702660f56_config-0
16:18:12:582  INFO 44824 --- [main] org.reflections.Reflections              : Reflections took 36 ms to scan 1 urls, producing 3 keys and 6 values 
16:18:12:622  INFO 44824 --- [main] org.reflections.Reflections              : Reflections took 15 ms to scan 1 urls, producing 4 keys and 9 values 
16:18:12:641  INFO 44824 --- [main] org.reflections.Reflections              : Reflections took 16 ms to scan 1 urls, producing 3 keys and 10 values 
16:18:12:643  WARN 44824 --- [main] org.reflections.Reflections              : given scan urls are empty. set urls in the configuration
16:18:12:651  INFO 44824 --- [main] org.reflections.Reflections              : Reflections took 8 ms to scan 1 urls, producing 1 keys and 5 values 
16:18:12:660  INFO 44824 --- [main] org.reflections.Reflections              : Reflections took 6 ms to scan 1 urls, producing 1 keys and 7 values 
16:18:12:668  INFO 44824 --- [main] org.reflections.Reflections              : Reflections took 5 ms to scan 1 urls, producing 2 keys and 8 values 
16:18:12:670  WARN 44824 --- [main] org.reflections.Reflections              : given scan urls are empty. set urls in the configuration
16:18:12:671  INFO 44824 --- [main] com.alibaba.nacos.common.remote.client   : [6d8c40fd-ec1c-4469-a3cd-2b3702660f56_config-0] RpcClient init label, labels = {module=config, Vipserver-Tag=null, source=sdk, Amory-Tag=null, Location-Tag=null, taskId=0, AppName=unknown}
16:18:12:672  INFO 44824 --- [main] com.alibaba.nacos.common.remote.client   : [6d8c40fd-ec1c-4469-a3cd-2b3702660f56_config-0] Register server push request handler:com.alibaba.nacos.client.config.impl.ClientWorker$ConfigRpcTransportClient$$Lambda/0x000001a64a3beff8
16:18:12:672  INFO 44824 --- [main] com.alibaba.nacos.common.remote.client   : [6d8c40fd-ec1c-4469-a3cd-2b3702660f56_config-0] Register server push request handler:com.alibaba.nacos.client.config.impl.ClientWorker$ConfigRpcTransportClient$$Lambda/0x000001a64a3bf218
16:18:12:673  INFO 44824 --- [main] com.alibaba.nacos.common.remote.client   : [6d8c40fd-ec1c-4469-a3cd-2b3702660f56_config-0] Registry connection listener to current client:com.alibaba.nacos.client.config.impl.ClientWorker$ConfigRpcTransportClient$1
16:18:12:673  INFO 44824 --- [main] com.alibaba.nacos.common.remote.client   : [6d8c40fd-ec1c-4469-a3cd-2b3702660f56_config-0] RpcClient init, ServerListFactory = com.alibaba.nacos.client.config.impl.ClientWorker$ConfigRpcTransportClient$2
16:18:12:683  INFO 44824 --- [main] com.alibaba.nacos.common.remote.client   : [6d8c40fd-ec1c-4469-a3cd-2b3702660f56_config-0] Try to connect to server on start up, server: {serverIp = '192.168.43.198', server main port = 8848}
16:18:13:649  INFO 44824 --- [main] com.alibaba.nacos.common.remote.client   : [6d8c40fd-ec1c-4469-a3cd-2b3702660f56_config-0] Success to connect to server [192.168.43.198:8848] on start up, connectionId = 1766477848121_192.168.43.108_60041
16:18:13:649  INFO 44824 --- [com.alibaba.nacos.client.remote.worker] com.alibaba.nacos.common.remote.client   : [6d8c40fd-ec1c-4469-a3cd-2b3702660f56_config-0] Notify connected event to listeners.
16:18:13:650  INFO 44824 --- [main] com.alibaba.nacos.common.remote.client   : [6d8c40fd-ec1c-4469-a3cd-2b3702660f56_config-0] Register server push request handler:com.alibaba.nacos.common.remote.client.RpcClient$ConnectResetRequestHandler
16:18:13:650  INFO 44824 --- [main] com.alibaba.nacos.common.remote.client   : [6d8c40fd-ec1c-4469-a3cd-2b3702660f56_config-0] Register server push request handler:com.alibaba.nacos.common.remote.client.RpcClient$$Lambda/0x000001a64a5046d8
16:18:13:721  WARN 44824 --- [main] c.a.c.n.c.NacosPropertySourceBuilder     : Ignore the empty nacos configuration and get it based on dataId[shared-log.yaml] & group[DEFAULT_GROUP]
16:18:13:730  WARN 44824 --- [main] c.a.c.n.c.NacosPropertySourceBuilder     : Ignore the empty nacos configuration and get it based on dataId[hm-gateway] & group[DEFAULT_GROUP]
16:18:13:738  WARN 44824 --- [main] c.a.c.n.c.NacosPropertySourceBuilder     : Ignore the empty nacos configuration and get it based on dataId[hm-gateway.yaml] & group[DEFAULT_GROUP]
16:18:13:747  WARN 44824 --- [main] c.a.c.n.c.NacosPropertySourceBuilder     : Ignore the empty nacos configuration and get it based on dataId[hm-gateway-local.yaml] & group[DEFAULT_GROUP]
16:18:13:748  INFO 44824 --- [main] b.c.PropertySourceBootstrapConfiguration : Located property source: [BootstrapPropertySource {name='bootstrapProperties-hm-gateway-local.yaml,DEFAULT_GROUP'}, BootstrapPropertySource {name='bootstrapProperties-hm-gateway.yaml,DEFAULT_GROUP'}, BootstrapPropertySource {name='bootstrapProperties-hm-gateway,DEFAULT_GROUP'}, BootstrapPropertySource {name='bootstrapProperties-shared-log.yaml,DEFAULT_GROUP'}]
16:18:13:767  INFO 44824 --- [main] com.hmall.gateway.GatewayApplication     : The following 1 profile is active: "local"
16:18:14:706  INFO 44824 --- [main] o.s.cloud.context.scope.GenericScope     : BeanFactory id=7955503d-44e6-312d-8d01-efcd20447e8c
16:18:14:769  INFO 44824 --- [main] trationDelegate$BeanPostProcessorChecker : Bean 'org.springframework.cloud.client.loadbalancer.reactive.LoadBalancerBeanPostProcessorAutoConfiguration' of type [org.springframework.cloud.client.loadbalancer.reactive.LoadBalancerBeanPostProcessorAutoConfiguration] is not eligible for getting processed by all BeanPostProcessors (for example: not eligible for auto-proxying)
16:18:14:770  INFO 44824 --- [main] trationDelegate$BeanPostProcessorChecker : Bean 'org.springframework.cloud.client.loadbalancer.reactive.LoadBalancerBeanPostProcessorAutoConfiguration$ReactorDeferringLoadBalancerFilterConfig' of type [org.springframework.cloud.client.loadbalancer.reactive.LoadBalancerBeanPostProcessorAutoConfiguration$ReactorDeferringLoadBalancerFilterConfig] is not eligible for getting processed by all BeanPostProcessors (for example: not eligible for auto-proxying)
16:18:14:771  INFO 44824 --- [main] trationDelegate$BeanPostProcessorChecker : Bean 'reactorDeferringLoadBalancerExchangeFilterFunction' of type [org.springframework.cloud.client.loadbalancer.reactive.DeferringLoadBalancerExchangeFilterFunction] is not eligible for getting processed by all BeanPostProcessors (for example: not eligible for auto-proxying)
16:18:15:481  INFO 44824 --- [main] c.h.gateway.routers.DynamicRouteLoader   : 更新路由配置:[
    {
        "id": "item",
        "predicates": [{
            "name": "Path",
            "args": {"_genkey_0":"/items/**", "_genkey_1":"/search/**"}
        }],
        "filters": [],
        "uri": "lb://item-service"
    },
    {
        "id": "cart",
        "predicates": [{
            "name": "Path",
            "args": {"_genkey_0":"/carts/**"}
        }],
        "filters": [],
        "uri": "lb://cart-service"
    },
    {
        "id": "user",
        "predicates": [{
            "name": "Path",
            "args": {"_genkey_0":"/users/**", "_genkey_1":"/addresses/**"}
        }],
        "filters": [],
        "uri": "lb://user-service"
    },
    {
        "id": "trade",
        "predicates": [{
            "name": "Path",
            "args": {"_genkey_0":"/orders/**"}
        }],
        "filters": [],
        "uri": "lb://trade-service"
    },
    {
        "id": "pay",
        "predicates": [{
            "name": "Path",
            "args": {"_genkey_0":"/pay-orders/**"}
        }],
        "filters": [],
        "uri": "lb://pay-service"
    }
]
16:18:16:773  INFO 44824 --- [main] o.s.cloud.commons.util.InetUtils         : Cannot determine local hostname
16:18:17:792  INFO 44824 --- [main] o.s.cloud.commons.util.InetUtils         : Cannot determine local hostname
16:18:18:216  INFO 44824 --- [main] o.s.c.g.r.RouteDefinitionRouteLocator    : Loaded RoutePredicateFactory [After]
16:18:18:217  INFO 44824 --- [main] o.s.c.g.r.RouteDefinitionRouteLocator    : Loaded RoutePredicateFactory [Before]
16:18:18:217  INFO 44824 --- [main] o.s.c.g.r.RouteDefinitionRouteLocator    : Loaded RoutePredicateFactory [Between]
16:18:18:217  INFO 44824 --- [main] o.s.c.g.r.RouteDefinitionRouteLocator    : Loaded RoutePredicateFactory [Cookie]
16:18:18:217  INFO 44824 --- [main] o.s.c.g.r.RouteDefinitionRouteLocator    : Loaded RoutePredicateFactory [Header]
16:18:18:217  INFO 44824 --- [main] o.s.c.g.r.RouteDefinitionRouteLocator    : Loaded RoutePredicateFactory [Host]
16:18:18:217  INFO 44824 --- [main] o.s.c.g.r.RouteDefinitionRouteLocator    : Loaded RoutePredicateFactory [Method]
16:18:18:217  INFO 44824 --- [main] o.s.c.g.r.RouteDefinitionRouteLocator    : Loaded RoutePredicateFactory [Path]
16:18:18:217  INFO 44824 --- [main] o.s.c.g.r.RouteDefinitionRouteLocator    : Loaded RoutePredicateFactory [Query]
16:18:18:217  INFO 44824 --- [main] o.s.c.g.r.RouteDefinitionRouteLocator    : Loaded RoutePredicateFactory [ReadBody]
16:18:18:217  INFO 44824 --- [main] o.s.c.g.r.RouteDefinitionRouteLocator    : Loaded RoutePredicateFactory [RemoteAddr]
16:18:18:217  INFO 44824 --- [main] o.s.c.g.r.RouteDefinitionRouteLocator    : Loaded RoutePredicateFactory [XForwardedRemoteAddr]
16:18:18:217  INFO 44824 --- [main] o.s.c.g.r.RouteDefinitionRouteLocator    : Loaded RoutePredicateFactory [Weight]
16:18:18:217  INFO 44824 --- [main] o.s.c.g.r.RouteDefinitionRouteLocator    : Loaded RoutePredicateFactory [CloudFoundryRouteService]
16:18:19:467  INFO 44824 --- [main] o.s.cloud.commons.util.InetUtils         : Cannot determine local hostname
16:18:20:130  INFO 44824 --- [main] com.alibaba.nacos.common.remote.client   : [RpcClientFactory] create a new rpc client of 863a5bf3-e417-4efe-913f-290af832cb38
16:18:20:131  INFO 44824 --- [main] com.alibaba.nacos.common.remote.client   : [863a5bf3-e417-4efe-913f-290af832cb38] RpcClient init label, labels = {module=naming, source=sdk}
16:18:20:133  INFO 44824 --- [main] com.alibaba.nacos.common.remote.client   : [863a5bf3-e417-4efe-913f-290af832cb38] RpcClient init, ServerListFactory = com.alibaba.nacos.client.naming.core.ServerListManager
16:18:20:133  INFO 44824 --- [main] com.alibaba.nacos.common.remote.client   : [863a5bf3-e417-4efe-913f-290af832cb38] Registry connection listener to current client:com.alibaba.nacos.client.naming.remote.gprc.redo.NamingGrpcRedoService
16:18:20:134  INFO 44824 --- [main] com.alibaba.nacos.common.remote.client   : [863a5bf3-e417-4efe-913f-290af832cb38] Register server push request handler:com.alibaba.nacos.client.naming.remote.gprc.NamingPushRequestHandler
16:18:20:134  INFO 44824 --- [main] com.alibaba.nacos.common.remote.client   : [863a5bf3-e417-4efe-913f-290af832cb38] Try to connect to server on start up, server: {serverIp = '192.168.43.198', server main port = 8848}
16:18:20:267  INFO 44824 --- [main] com.alibaba.nacos.common.remote.client   : [863a5bf3-e417-4efe-913f-290af832cb38] Success to connect to server [192.168.43.198:8848] on start up, connectionId = 1766477854851_192.168.43.108_60081
16:18:20:267  INFO 44824 --- [main] com.alibaba.nacos.common.remote.client   : [863a5bf3-e417-4efe-913f-290af832cb38] Register server push request handler:com.alibaba.nacos.common.remote.client.RpcClient$ConnectResetRequestHandler
16:18:20:267  INFO 44824 --- [com.alibaba.nacos.client.remote.worker] com.alibaba.nacos.common.remote.client   : [863a5bf3-e417-4efe-913f-290af832cb38] Notify connected event to listeners.
16:18:20:267  INFO 44824 --- [main] com.alibaba.nacos.common.remote.client   : [863a5bf3-e417-4efe-913f-290af832cb38] Register server push request handler:com.alibaba.nacos.common.remote.client.RpcClient$$Lambda/0x000001a64a5046d8
16:18:20:567  INFO 44824 --- [main] o.s.b.web.embedded.netty.NettyWebServer  : Netty started on port 8080
16:18:20:845  INFO 44824 --- [nacos-grpc-client-executor-4] com.alibaba.nacos.common.remote.client   : [863a5bf3-e417-4efe-913f-290af832cb38] Receive server push request, request = NotifySubscriberRequest, requestId = 37
16:18:20:845  INFO 44824 --- [nacos-grpc-client-executor-4] com.alibaba.nacos.common.remote.client   : [863a5bf3-e417-4efe-913f-290af832cb38] Ack server push request, request = NotifySubscriberRequest, requestId = 37
16:18:21:578  INFO 44824 --- [main] o.s.cloud.commons.util.InetUtils         : Cannot determine local hostname
16:18:22:585  INFO 44824 --- [main] o.s.cloud.commons.util.InetUtils         : Cannot determine local hostname
16:18:22:600  INFO 44824 --- [main] c.a.c.n.registry.NacosServiceRegistry    : nacos registry, DEFAULT_GROUP hm-gateway 192.168.16.1:8080 register finished
16:18:22:625  INFO 44824 --- [main] com.hmall.gateway.GatewayApplication     : Started GatewayApplication in 13.375 seconds (JVM running for 14.303)
16:18:22:630  INFO 44824 --- [main] c.a.c.n.refresh.NacosContextRefresher    : [Nacos Config] Listening config: dataId=hm-gateway-local.yaml, group=DEFAULT_GROUP
16:18:22:631  INFO 44824 --- [main] c.a.c.n.refresh.NacosContextRefresher    : [Nacos Config] Listening config: dataId=hm-gateway, group=DEFAULT_GROUP
16:18:22:631  INFO 44824 --- [main] c.a.c.n.refresh.NacosContextRefresher    : [Nacos Config] Listening config: dataId=hm-gateway.yaml, group=DEFAULT_GROUP
16:18:23:159  INFO 44824 --- [nacos-grpc-client-executor-8] com.alibaba.nacos.common.remote.client   : [863a5bf3-e417-4efe-913f-290af832cb38] Receive server push request, request = NotifySubscriberRequest, requestId = 39
16:18:23:188  INFO 44824 --- [nacos-grpc-client-executor-8] com.alibaba.nacos.common.remote.client   : [863a5bf3-e417-4efe-913f-290af832cb38] Ack server push request, request = NotifySubscriberRequest, requestId = 39
16:18:38:403  INFO 44824 --- [nacos-grpc-client-executor-13] com.alibaba.nacos.common.remote.client   : [863a5bf3-e417-4efe-913f-290af832cb38] Receive server push request, request = NotifySubscriberRequest, requestId = 46
16:18:38:404  INFO 44824 --- [nacos-grpc-client-executor-13] com.alibaba.nacos.common.remote.client   : [863a5bf3-e417-4efe-913f-290af832cb38] Ack server push request, request = NotifySubscriberRequest, requestId = 46
16:18:41:947  INFO 44824 --- [nacos-grpc-client-executor-16] com.alibaba.nacos.common.remote.client   : [863a5bf3-e417-4efe-913f-290af832cb38] Receive server push request, request = NotifySubscriberRequest, requestId = 47
16:18:41:948  INFO 44824 --- [nacos-grpc-client-executor-16] com.alibaba.nacos.common.remote.client   : [863a5bf3-e417-4efe-913f-290af832cb38] Ack server push request, request = NotifySubscriberRequest, requestId = 47
16:18:44:576  INFO 44824 --- [nacos-grpc-client-executor-19] com.alibaba.nacos.common.remote.client   : [863a5bf3-e417-4efe-913f-290af832cb38] Receive server push request, request = NotifySubscriberRequest, requestId = 49
16:18:44:577  INFO 44824 --- [nacos-grpc-client-executor-19] com.alibaba.nacos.common.remote.client   : [863a5bf3-e417-4efe-913f-290af832cb38] Ack server push request, request = NotifySubscriberRequest, requestId = 49
16:18:49:848  INFO 44824 --- [nacos-grpc-client-executor-22] com.alibaba.nacos.common.remote.client   : [863a5bf3-e417-4efe-913f-290af832cb38] Receive server push request, request = NotifySubscriberRequest, requestId = 50
16:18:49:848  INFO 44824 --- [nacos-grpc-client-executor-22] com.alibaba.nacos.common.remote.client   : [863a5bf3-e417-4efe-913f-290af832cb38] Ack server push request, request = NotifySubscriberRequest, requestId = 50
16:18:50:961  INFO 44824 --- [nacos-grpc-client-executor-25] com.alibaba.nacos.common.remote.client   : [863a5bf3-e417-4efe-913f-290af832cb38] Receive server push request, request = NotifySubscriberRequest, requestId = 51
16:18:50:962  INFO 44824 --- [nacos-grpc-client-executor-25] com.alibaba.nacos.common.remote.client   : [863a5bf3-e417-4efe-913f-290af832cb38] Ack server push request, request = NotifySubscriberRequest, requestId = 51
16:22:36:767  WARN 44824 --- [Thread-1] c.a.n.common.http.HttpClientBeanHolder   : [HttpClientBeanHolder] Start destroying common HttpClient
16:22:36:766  WARN 44824 --- [Thread-5] c.a.nacos.common.notify.NotifyCenter     : [NotifyCenter] Start destroying Publisher
16:22:36:779  WARN 44824 --- [Thread-5] c.a.nacos.common.notify.NotifyCenter     : [NotifyCenter] Destruction of the end
16:22:36:792  WARN 44824 --- [Thread-1] c.a.n.common.http.HttpClientBeanHolder   : [HttpClientBeanHolder] Destruction of the end
16:22:36:941  INFO 44824 --- [SpringApplicationShutdownHook] c.a.c.n.registry.NacosServiceRegistry    : De-registering from Nacos Server now...
16:22:36:950  INFO 44824 --- [SpringApplicationShutdownHook] c.a.c.n.registry.NacosServiceRegistry    : De-registration finished.
16:22:37:298  INFO 44824 --- [SpringApplicationShutdownHook] com.alibaba.nacos.common.remote.client   : Shutdown rpc client, set status to shutdown
16:22:37:308  INFO 44824 --- [SpringApplicationShutdownHook] com.alibaba.nacos.common.remote.client   : Shutdown client event executor java.util.concurrent.ScheduledThreadPoolExecutor@2dcd451f[Running, pool size = 2, active threads = 2, queued tasks = 0, completed tasks = 0]
16:22:37:311  INFO 44824 --- [SpringApplicationShutdownHook] com.alibaba.nacos.common.remote.client   : Close current connection 1766477854851_192.168.43.108_60081
16:22:37:325  INFO 44824 --- [nacos-grpc-client-executor-79] c.a.n.c.remote.client.grpc.GrpcClient    : [1766477854851_192.168.43.108_60081]Ignore complete event,isRunning:false,isAbandon=false
16:22:37:380  INFO 44824 --- [SpringApplicationShutdownHook] c.a.n.c.remote.client.grpc.GrpcClient    : Shutdown grpc executor java.util.concurrent.ThreadPoolExecutor@59a3eaf7[Running, pool size = 5, active threads = 0, queued tasks = 0, completed tasks = 80]
